[Warning] Mix_Chunk* AudioLoader::addMixChunk(int, std::string, std::string) - Unable to load mix chunk '/home/nch/Technical/Git/Back-to-Earth/BTE/bin/backtoearth/resources/audio/world/water/flowing_heavy.wav', Using missing.wav instead...
[ ERROR ] Mix_Chunk* AudioLoader::addMixChunk(int, std::string, std::string) - SDL_mixer error: Mix_LoadWAV_RW with NULL src!
[Warning] Mix_Chunk* AudioLoader::addMixChunk(int, std::string, std::string) - Unable to load mix chunk '/home/nch/Technical/Git/Back-to-Earth/BTE/bin/backtoearth/resources/audio/world/water/flowing_normal.wav', Using missing.wav instead...
[ ERROR ] Mix_Chunk* AudioLoader::addMixChunk(int, std::string, std::string) - SDL_mixer error: Mix_LoadWAV_RW with NULL src!
[Warning] Mix_Chunk* AudioLoader::addMixChunk(int, std::string, std::string) - Unable to load mix chunk '/home/nch/Technical/Git/Back-to-Earth/BTE/bin/backtoearth/resources/audio/world/water/splash.wav', Using missing.wav instead...
[ ERROR ] Mix_Chunk* AudioLoader::addMixChunk(int, std::string, std::string) - SDL_mixer error: Mix_LoadWAV_RW with NULL src!
[Warning] Mix_Chunk* AudioLoader::addMixChunk(int, std::string, std::string) - Unable to load mix chunk '/home/nch/Technical/Git/Back-to-Earth/BTE/bin/backtoearth/resources/audio/world/water/submerge.wav', Using missing.wav instead...
[ ERROR ] Mix_Chunk* AudioLoader::addMixChunk(int, std::string, std::string) - SDL_mixer error: Mix_LoadWAV_RW with NULL src!
[Warning] Mix_Chunk* AudioLoader::addMixChunk(int, std::string, std::string) - Unable to load mix chunk '/home/nch/Technical/Git/Back-to-Earth/BTE/bin/backtoearth/resources/audio/world/water/swimming.wav', Using missing.wav instead...
[ ERROR ] Mix_Chunk* AudioLoader::addMixChunk(int, std::string, std::string) - SDL_mixer error: Mix_LoadWAV_RW with NULL src!
[Warning] Mix_Chunk* AudioLoader::addMixChunk(int, std::string, std::string) - Unable to load mix chunk '/home/nch/Technical/Git/Back-to-Earth/BTE/bin/backtoearth/resources/audio/world/water/underwater.wav', Using missing.wav instead...
[ ERROR ] Mix_Chunk* AudioLoader::addMixChunk(int, std::string, std::string) - SDL_mixer error: Mix_LoadWAV_RW with NULL src!
[Warning] Mix_Chunk* AudioLoader::addMixChunk(int, std::string, std::string) - Unable to load mix chunk '/home/nch/Technical/Git/Back-to-Earth/BTE/bin/backtoearth/resources/audio/world/water/underwater_deep.wav', Using missing.wav instead...
[ ERROR ] Mix_Chunk* AudioLoader::addMixChunk(int, std::string, std::string) - SDL_mixer error: Mix_LoadWAV_RW with NULL src!
[Warning] Mix_Chunk* AudioLoader::addMixChunk(int, std::string, std::string) - Unable to load mix chunk '/home/nch/Technical/Git/Back-to-Earth/BTE/bin/backtoearth/resources/audio/world/weather/rain_outside_heavy.wav', Using missing.wav instead...
[ ERROR ] Mix_Chunk* AudioLoader::addMixChunk(int, std::string, std::string) - SDL_mixer error: Mix_LoadWAV_RW with NULL src!
[Warning] Mix_Chunk* AudioLoader::addMixChunk(int, std::string, std::string) - Unable to load mix chunk '/home/nch/Technical/Git/Back-to-Earth/BTE/bin/backtoearth/resources/audio/world/weather/rain_roof_generic.wav', Using missing.wav instead...
[ ERROR ] Mix_Chunk* AudioLoader::addMixChunk(int, std::string, std::string) - SDL_mixer error: Mix_LoadWAV_RW with NULL src!
[Warning] Mix_Chunk* AudioLoader::addMixChunk(int, std::string, std::string) - Unable to load mix chunk '/home/nch/Technical/Git/Back-to-Earth/BTE/bin/backtoearth/resources/audio/world/weather/rain_roof_metal.wav', Using missing.wav instead...
[ ERROR ] Mix_Chunk* AudioLoader::addMixChunk(int, std::string, std::string) - SDL_mixer error: Mix_LoadWAV_RW with NULL src!
[  Log  ] Switching to gamestate 0...
[  Log  ] Running Back to Earth...
[  Log  ] Switching to gamestate -10000...
[  Log  ] Exiting Back to Earth...
